This file contains any messages produced by compilers while
running configure, to aid debugging if configure makes a mistake.

It was created by configure, which was
generated by GNU Autoconf 2.59.  Invocation command line was

  $ ./configure 

## --------- ##
## Platform. ##
## --------- ##

hostname = ubuntu
uname -m = i686
uname -r = 3.2.0-37-generic
uname -s = Linux
uname -v = #58-Ubuntu SMP Thu Jan 24 15:28:57 UTC 2013

/usr/bin/uname -p = unknown
/bin/uname -X     = unknown

/bin/arch              = unknown
/usr/bin/arch -k       = unknown
/usr/convex/getsysinfo = unknown
hostinfo               = unknown
/bin/machine           = unknown
/usr/bin/oslevel       = unknown
/bin/universe          = unknown

PATH: /opt/android-ext//bin
PATH: /home/kkho/CodeSourcery/Sourcery_CodeBench_Lite_for_ARM_GNU_Linux/bin
PATH: /usr/lib/lightdm/lightdm
PATH: /usr/local/sbin
PATH: /usr/local/bin
PATH: /usr/sbin
PATH: /usr/bin
PATH: /sbin
PATH: /bin
PATH: /usr/games
PATH: /home/kkho/emerald-0.99/bin
PATH: /home/kkho/adt-bundle-linux-x86-20130917/sdk/tools
PATH: /home/kkho/adt-bundle-linux-x86-20130917/sdk/platform-tools
PATH: /home/kkho/adt-bundle-linux-x86-20130917/android-ndk-r9
PATH: /home/kkho/adt-bundle-linux-x86-20130917/android-ndk-r9/toolchains/arm-linux-androideabi-4.8/prebuilt/linux-x86/bin
PATH: /home/kkho/adt-bundle-linux-x86-20130917/sdk/tools
PATH: /home/kkho/adt-bundle-linux-x86-20130917/sdk/platform-tools
PATH: /home/kkho/adt-bundle-linux-x86-20130917/sdk/tools
PATH: /home/kkho/adt-bundle-linux-x86-20130917/sdk/platform-tools
PATH: /home/kkho/apache-maven-3.1.0/bin
PATH: /home/kkho/CodeSourcery/Sourcery_CodeBench_Lite_for_ARM_GNU_Linux/bin


## ----------- ##
## Core tests. ##
## ----------- ##

configure:1348: checking for a BSD-compatible install
configure:1403: result: /usr/bin/install -c
configure:1414: checking whether build environment is sane
configure:1457: result: yes
configure:1491: checking for gawk
configure:1507: found /usr/bin/gawk
configure:1517: result: gawk
configure:1527: checking whether make sets $(MAKE)
configure:1547: result: yes
configure:1706: checking for ranlib
configure:1722: found /usr/bin/ranlib
configure:1733: result: ranlib
configure:1749: checking for sh
configure:1767: found /bin/sh
configure:1779: result: /bin/sh
configure:1836: checking for gcc
configure:1852: found /usr/bin/gcc
configure:1862: result: gcc
configure:2106: checking for C compiler version
configure:2109: gcc --version </dev/null >&5
gcc (Ubuntu/Linaro 4.6.3-1ubuntu5) 4.6.3
Copyright (C) 2011 Free Software Foundation, Inc.
This is free software; see the source for copying conditions.  There is NO
warranty; not even for MERCHANTABILITY or FITNESS FOR A PARTICULAR PURPOSE.

configure:2112: $? = 0
configure:2114: gcc -v </dev/null >&5
Using built-in specs.
COLLECT_GCC=gcc
COLLECT_LTO_WRAPPER=/usr/lib/gcc/i686-linux-gnu/4.6/lto-wrapper
Target: i686-linux-gnu
Configured with: ../src/configure -v --with-pkgversion='Ubuntu/Linaro 4.6.3-1ubuntu5' --with-bugurl=file:///usr/share/doc/gcc-4.6/README.Bugs --enable-languages=c,c++,fortran,objc,obj-c++ --prefix=/usr --program-suffix=-4.6 --enable-shared --enable-linker-build-id --with-system-zlib --libexecdir=/usr/lib --without-included-gettext --enable-threads=posix --with-gxx-include-dir=/usr/include/c++/4.6 --libdir=/usr/lib --enable-nls --with-sysroot=/ --enable-clocale=gnu --enable-libstdcxx-debug --enable-libstdcxx-time=yes --enable-gnu-unique-object --enable-plugin --enable-objc-gc --enable-targets=all --disable-werror --with-arch-32=i686 --with-tune=generic --enable-checking=release --build=i686-linux-gnu --host=i686-linux-gnu --target=i686-linux-gnu
Thread model: posix
gcc version 4.6.3 (Ubuntu/Linaro 4.6.3-1ubuntu5) 
configure:2117: $? = 0
configure:2119: gcc -V </dev/null >&5
gcc: error: unrecognized option '-V'
gcc: fatal error: no input files
compilation terminated.
configure:2122: $? = 4
configure:2145: checking for C compiler default output file name
configure:2148: gcc    conftest.c  >&5
configure:2151: $? = 0
configure:2197: result: a.out
configure:2202: checking whether the C compiler works
configure:2208: ./a.out
configure:2211: $? = 0
configure:2228: result: yes
configure:2235: checking whether we are cross compiling
configure:2237: result: no
configure:2240: checking for suffix of executables
configure:2242: gcc -o conftest    conftest.c  >&5
configure:2245: $? = 0
configure:2270: result: 
configure:2276: checking for suffix of object files
configure:2297: gcc -c   conftest.c >&5
configure:2300: $? = 0
configure:2322: result: o
configure:2326: checking whether we are using the GNU C compiler
configure:2350: gcc -c   conftest.c >&5
configure:2356: $? = 0
configure:2360: test -z 
			 || test ! -s conftest.err
configure:2363: $? = 0
configure:2366: test -s conftest.o
configure:2369: $? = 0
configure:2382: result: yes
configure:2388: checking whether gcc accepts -g
configure:2409: gcc -c -g  conftest.c >&5
configure:2415: $? = 0
configure:2419: test -z 
			 || test ! -s conftest.err
configure:2422: $? = 0
configure:2425: test -s conftest.o
configure:2428: $? = 0
configure:2439: result: yes
configure:2456: checking for gcc option to accept ANSI C
configure:2526: gcc  -c -g -O2  conftest.c >&5
configure:2532: $? = 0
configure:2536: test -z 
			 || test ! -s conftest.err
configure:2539: $? = 0
configure:2542: test -s conftest.o
configure:2545: $? = 0
configure:2563: result: none needed
configure:2581: gcc -c -g -O2  conftest.c >&5
conftest.c:2:3: error: unknown type name 'choke'
conftest.c:2:3: error: expected '=', ',', ';', 'asm' or '__attribute__' at end of input
configure:2587: $? = 1
configure: failed program was:
| #ifndef __cplusplus
|   choke me
| #endif
configure:2728: checking for style of include used by make
configure:2756: result: GNU
configure:2763: checking dependency style of gcc
configure:2825: result: gcc3
configure:2835: checking for flex
configure:2851: found /usr/bin/flex
configure:2861: result: flex
configure:2874: checking for yywrap in -lfl
configure:2904: gcc -o conftest -g -O2   conftest.c -lfl   >&5
configure:2910: $? = 0
configure:2914: test -z 
			 || test ! -s conftest.err
configure:2917: $? = 0
configure:2920: test -s conftest
configure:2923: $? = 0
configure:2936: result: yes
configure:3014: checking lex output file root
configure:3025: flex conftest.l
configure:3028: $? = 0
configure:3040: result: lex.yy
configure:3045: checking whether yytext is a pointer
configure:3061: gcc -o conftest -g -O2   conftest.c  -lfl >&5
configure:3067: $? = 0
configure:3071: test -z 
			 || test ! -s conftest.err
configure:3074: $? = 0
configure:3077: test -s conftest
configure:3080: $? = 0
configure:3094: result: yes
configure:3105: checking whether ln -s works
configure:3109: result: yes
configure:3116: checking whether make sets $(MAKE)
configure:3136: result: yes
configure:3149: checking for bison
configure:3165: found /usr/bin/bison
configure:3175: result: bison -y
configure:3188: checking for main in -ll
configure:3212: gcc -o conftest -g -O2   conftest.c -ll   >&5
configure:3218: $? = 0
configure:3222: test -z 
			 || test ! -s conftest.err
configure:3225: $? = 0
configure:3228: test -s conftest
configure:3231: $? = 0
configure:3244: result: yes
configure:3256: checking for main in -lm
configure:3280: gcc -o conftest -g -O2   conftest.c -lm  -ll  >&5
configure:3286: $? = 0
configure:3290: test -z 
			 || test ! -s conftest.err
configure:3293: $? = 0
configure:3296: test -s conftest
configure:3299: $? = 0
configure:3312: result: yes
configure:3329: checking how to run the C preprocessor
configure:3364: gcc -E  conftest.c
configure:3370: $? = 0
configure:3402: gcc -E  conftest.c
conftest.c:18:28: fatal error: ac_nonexistent.h: No such file or directory
compilation terminated.
configure:3408: $? = 1
configure: failed program was:
| /* confdefs.h.  */
| 
| #define PACKAGE_NAME ""
| #define PACKAGE_TARNAME ""
| #define PACKAGE_VERSION ""
| #define PACKAGE_STRING ""
| #define PACKAGE_BUGREPORT ""
| #define PACKAGE "emerald"
| #define VERSION "1.06alpha"
| #define SINGLESTEP 1
| #define COUNTBYTECODES 1
| #define STDARG_WORKS 1
| #define DISTRIBUTED 1
| #define YYTEXT_POINTER 1
| #define HAVE_LIBL 1
| #define HAVE_LIBM 1
| /* end confdefs.h.  */
| #include <ac_nonexistent.h>
configure:3447: result: gcc -E
configure:3471: gcc -E  conftest.c
configure:3477: $? = 0
configure:3509: gcc -E  conftest.c
conftest.c:18:28: fatal error: ac_nonexistent.h: No such file or directory
compilation terminated.
configure:3515: $? = 1
configure: failed program was:
| /* confdefs.h.  */
| 
| #define PACKAGE_NAME ""
| #define PACKAGE_TARNAME ""
| #define PACKAGE_VERSION ""
| #define PACKAGE_STRING ""
| #define PACKAGE_BUGREPORT ""
| #define PACKAGE "emerald"
| #define VERSION "1.06alpha"
| #define SINGLESTEP 1
| #define COUNTBYTECODES 1
| #define STDARG_WORKS 1
| #define DISTRIBUTED 1
| #define YYTEXT_POINTER 1
| #define HAVE_LIBL 1
| #define HAVE_LIBM 1
| /* end confdefs.h.  */
| #include <ac_nonexistent.h>
configure:3559: checking for X
configure:3664: gcc -E  conftest.c
configure:3670: $? = 0
configure:3720: gcc -o conftest -g -O2   conftest.c -lXt -lm -ll  >&5
configure:3726: $? = 0
configure:3730: test -z 
			 || test ! -s conftest.err
configure:3733: $? = 0
configure:3736: test -s conftest
configure:3739: $? = 0
configure:3789: result: libraries , headers 
configure:3801: checking for dirent.h that defines DIR
configure:3825: gcc -c -g -O2  conftest.c >&5
configure:3831: $? = 0
configure:3835: test -z 
			 || test ! -s conftest.err
configure:3838: $? = 0
configure:3841: test -s conftest.o
configure:3844: $? = 0
configure:3855: result: yes
configure:3868: checking for library containing opendir
configure:3898: gcc -o conftest -g -O2   conftest.c -lm -ll  >&5
configure:3904: $? = 0
configure:3908: test -z 
			 || test ! -s conftest.err
configure:3911: $? = 0
configure:3914: test -s conftest
configure:3917: $? = 0
configure:3987: result: none required
configure:4123: checking for egrep
configure:4133: result: grep -E
configure:4138: checking for ANSI C header files
configure:4163: gcc -c -g -O2  conftest.c >&5
configure:4169: $? = 0
configure:4173: test -z 
			 || test ! -s conftest.err
configure:4176: $? = 0
configure:4179: test -s conftest.o
configure:4182: $? = 0
configure:4271: gcc -o conftest -g -O2   conftest.c -lm -ll  >&5
conftest.c: In function 'main':
conftest.c:36:7: warning: incompatible implicit declaration of built-in function 'exit' [enabled by default]
configure:4274: $? = 0
configure:4276: ./conftest
configure:4279: $? = 0
configure:4294: result: yes
configure:4318: checking for sys/types.h
configure:4334: gcc -c -g -O2  conftest.c >&5
configure:4340: $? = 0
configure:4344: test -z 
			 || test ! -s conftest.err
configure:4347: $? = 0
configure:4350: test -s conftest.o
configure:4353: $? = 0
configure:4364: result: yes
configure:4318: checking for sys/stat.h
configure:4334: gcc -c -g -O2  conftest.c >&5
configure:4340: $? = 0
configure:4344: test -z 
			 || test ! -s conftest.err
configure:4347: $? = 0
configure:4350: test -s conftest.o
configure:4353: $? = 0
configure:4364: result: yes
configure:4318: checking for stdlib.h
configure:4334: gcc -c -g -O2  conftest.c >&5
configure:4340: $? = 0
configure:4344: test -z 
			 || test ! -s conftest.err
configure:4347: $? = 0
configure:4350: test -s conftest.o
configure:4353: $? = 0
configure:4364: result: yes
configure:4318: checking for string.h
configure:4334: gcc -c -g -O2  conftest.c >&5
configure:4340: $? = 0
configure:4344: test -z 
			 || test ! -s conftest.err
configure:4347: $? = 0
configure:4350: test -s conftest.o
configure:4353: $? = 0
configure:4364: result: yes
configure:4318: checking for memory.h
configure:4334: gcc -c -g -O2  conftest.c >&5
configure:4340: $? = 0
configure:4344: test -z 
			 || test ! -s conftest.err
configure:4347: $? = 0
configure:4350: test -s conftest.o
configure:4353: $? = 0
configure:4364: result: yes
configure:4318: checking for strings.h
configure:4334: gcc -c -g -O2  conftest.c >&5
configure:4340: $? = 0
configure:4344: test -z 
			 || test ! -s conftest.err
configure:4347: $? = 0
configure:4350: test -s conftest.o
configure:4353: $? = 0
configure:4364: result: yes
configure:4318: checking for inttypes.h
configure:4334: gcc -c -g -O2  conftest.c >&5
configure:4340: $? = 0
configure:4344: test -z 
			 || test ! -s conftest.err
configure:4347: $? = 0
configure:4350: test -s conftest.o
configure:4353: $? = 0
configure:4364: result: yes
configure:4318: checking for stdint.h
configure:4334: gcc -c -g -O2  conftest.c >&5
configure:4340: $? = 0
configure:4344: test -z 
			 || test ! -s conftest.err
configure:4347: $? = 0
configure:4350: test -s conftest.o
configure:4353: $? = 0
configure:4364: result: yes
configure:4318: checking for unistd.h
configure:4334: gcc -c -g -O2  conftest.c >&5
configure:4340: $? = 0
configure:4344: test -z 
			 || test ! -s conftest.err
configure:4347: $? = 0
configure:4350: test -s conftest.o
configure:4353: $? = 0
configure:4364: result: yes
configure:4393: checking fcntl.h usability
configure:4405: gcc -c -g -O2  conftest.c >&5
configure:4411: $? = 0
configure:4415: test -z 
			 || test ! -s conftest.err
configure:4418: $? = 0
configure:4421: test -s conftest.o
configure:4424: $? = 0
configure:4434: result: yes
configure:4438: checking fcntl.h presence
configure:4448: gcc -E  conftest.c
configure:4454: $? = 0
configure:4474: result: yes
configure:4509: checking for fcntl.h
configure:4516: result: yes
configure:4393: checking sys/file.h usability
configure:4405: gcc -c -g -O2  conftest.c >&5
configure:4411: $? = 0
configure:4415: test -z 
			 || test ! -s conftest.err
configure:4418: $? = 0
configure:4421: test -s conftest.o
configure:4424: $? = 0
configure:4434: result: yes
configure:4438: checking sys/file.h presence
configure:4448: gcc -E  conftest.c
configure:4454: $? = 0
configure:4474: result: yes
configure:4509: checking for sys/file.h
configure:4516: result: yes
configure:4393: checking sys/time.h usability
configure:4405: gcc -c -g -O2  conftest.c >&5
configure:4411: $? = 0
configure:4415: test -z 
			 || test ! -s conftest.err
configure:4418: $? = 0
configure:4421: test -s conftest.o
configure:4424: $? = 0
configure:4434: result: yes
configure:4438: checking sys/time.h presence
configure:4448: gcc -E  conftest.c
configure:4454: $? = 0
configure:4474: result: yes
configure:4509: checking for sys/time.h
configure:4516: result: yes
configure:4384: checking for unistd.h
configure:4389: result: yes
configure:4530: checking for an ANSI C-conforming const
configure:4597: gcc -c -g -O2  conftest.c >&5
configure:4603: $? = 0
configure:4607: test -z 
			 || test ! -s conftest.err
configure:4610: $? = 0
configure:4613: test -s conftest.o
configure:4616: $? = 0
configure:4627: result: yes
configure:4637: checking for inline
configure:4658: gcc -c -g -O2  conftest.c >&5
configure:4664: $? = 0
configure:4668: test -z 
			 || test ! -s conftest.err
configure:4671: $? = 0
configure:4674: test -s conftest.o
configure:4677: $? = 0
configure:4689: result: inline
configure:4708: checking for size_t
configure:4732: gcc -c -g -O2  conftest.c >&5
configure:4738: $? = 0
configure:4742: test -z 
			 || test ! -s conftest.err
configure:4745: $? = 0
configure:4748: test -s conftest.o
configure:4751: $? = 0
configure:4762: result: yes
configure:4774: checking whether time.h and sys/time.h may both be included
configure:4799: gcc -c -g -O2  conftest.c >&5
configure:4805: $? = 0
configure:4809: test -z 
			 || test ! -s conftest.err
configure:4812: $? = 0
configure:4815: test -s conftest.o
configure:4818: $? = 0
configure:4829: result: yes
configure:4839: checking whether struct tm is in sys/time.h or time.h
configure:4862: gcc -c -g -O2  conftest.c >&5
configure:4868: $? = 0
configure:4872: test -z 
			 || test ! -s conftest.err
configure:4875: $? = 0
configure:4878: test -s conftest.o
configure:4881: $? = 0
configure:4892: result: time.h
configure:4903: checking for working memcmp
configure:4951: gcc -o conftest -g -O2   conftest.c -lm -ll  >&5
configure:4954: $? = 0
configure:4956: ./conftest
configure:4959: $? = 0
configure:4973: result: yes
configure:4984: checking return type of signal handlers
configure:5015: gcc -c -g -O2  conftest.c >&5
configure:5021: $? = 0
configure:5025: test -z 
			 || test ! -s conftest.err
configure:5028: $? = 0
configure:5031: test -s conftest.o
configure:5034: $? = 0
configure:5045: result: void
configure:5057: checking for strftime
configure:5114: gcc -o conftest -g -O2   conftest.c -lm -ll  >&5
conftest.c:59:6: warning: conflicting types for built-in function 'strftime' [enabled by default]
configure:5120: $? = 0
configure:5124: test -z 
			 || test ! -s conftest.err
configure:5127: $? = 0
configure:5130: test -s conftest
configure:5133: $? = 0
configure:5145: result: yes
configure:5233: checking for vprintf
configure:5290: gcc -o conftest -g -O2   conftest.c -lm -ll  >&5
conftest.c:60:6: warning: conflicting types for built-in function 'vprintf' [enabled by default]
configure:5296: $? = 0
configure:5300: test -z 
			 || test ! -s conftest.err
configure:5303: $? = 0
configure:5306: test -s conftest
configure:5309: $? = 0
configure:5321: result: yes
configure:5328: checking for _doprnt
configure:5385: gcc -o conftest -g -O2   conftest.c -lm -ll  >&5
/tmp/ccm1yUuR.o:(.data+0x0): undefined reference to `_doprnt'
/tmp/ccm1yUuR.o: In function `main':
/home/kkho/emerald/conftest.c:77: undefined reference to `_doprnt'
collect2: ld returned 1 exit status
configure:5391: $? = 1
configure: failed program was:
| /* confdefs.h.  */
| 
| #define PACKAGE_NAME ""
| #define PACKAGE_TARNAME ""
| #define PACKAGE_VERSION ""
| #define PACKAGE_STRING ""
| #define PACKAGE_BUGREPORT ""
| #define PACKAGE "emerald"
| #define VERSION "1.06alpha"
| #define SINGLESTEP 1
| #define COUNTBYTECODES 1
| #define STDARG_WORKS 1
| #define DISTRIBUTED 1
| #define YYTEXT_POINTER 1
| #define HAVE_LIBL 1
| #define HAVE_LIBM 1
| #define HAVE_DIRENT_H 1
| #define STDC_HEADERS 1
| #define HAVE_SYS_TYPES_H 1
| #define HAVE_SYS_STAT_H 1
| #define HAVE_STDLIB_H 1
| #define HAVE_STRING_H 1
| #define HAVE_MEMORY_H 1
| #define HAVE_STRINGS_H 1
| #define HAVE_INTTYPES_H 1
| #define HAVE_STDINT_H 1
| #define HAVE_UNISTD_H 1
| #define HAVE_FCNTL_H 1
| #define HAVE_SYS_FILE_H 1
| #define HAVE_SYS_TIME_H 1
| #define HAVE_UNISTD_H 1
| #define TIME_WITH_SYS_TIME 1
| #define RETSIGTYPE void
| #define HAVE_STRFTIME 1
| #define HAVE_VPRINTF 1
| /* end confdefs.h.  */
| /* Define _doprnt to an innocuous variant, in case <limits.h> declares _doprnt.
|    For example, HP-UX 11i <limits.h> declares gettimeofday.  */
| #define _doprnt innocuous__doprnt
| 
| /* System header to define __stub macros and hopefully few prototypes,
|     which can conflict with char _doprnt (); below.
|     Prefer <limits.h> to <assert.h> if __STDC__ is defined, since
|     <limits.h> exists even on freestanding compilers.  */
| 
| #ifdef __STDC__
| # include <limits.h>
| #else
| # include <assert.h>
| #endif
| 
| #undef _doprnt
| 
| /* Override any gcc2 internal prototype to avoid an error.  */
| #ifdef __cplusplus
| extern "C"
| {
| #endif
| /* We use char because int might match the return type of a gcc2
|    builtin and then its argument prototype would still apply.  */
| char _doprnt ();
| /* The GNU C library defines this for functions which it implements
|     to always fail with ENOSYS.  Some functions are actually named
|     something starting with __ and the normal name is an alias.  */
| #if defined (__stub__doprnt) || defined (__stub____doprnt)
| choke me
| #else
| char (*f) () = _doprnt;
| #endif
| #ifdef __cplusplus
| }
| #endif
| 
| int
| main ()
| {
| return f != _doprnt;
|   ;
|   return 0;
| }
configure:5416: result: no
configure:5441: checking for ftime
configure:5498: gcc -o conftest -g -O2   conftest.c -lm -ll  >&5
configure:5504: $? = 0
configure:5508: test -z 
			 || test ! -s conftest.err
configure:5511: $? = 0
configure:5514: test -s conftest
configure:5517: $? = 0
configure:5529: result: yes
configure:5441: checking for gethostname
configure:5498: gcc -o conftest -g -O2   conftest.c -lm -ll  >&5
configure:5504: $? = 0
configure:5508: test -z 
			 || test ! -s conftest.err
configure:5511: $? = 0
configure:5514: test -s conftest
configure:5517: $? = 0
configure:5529: result: yes
configure:5441: checking for gettimeofday
configure:5498: gcc -o conftest -g -O2   conftest.c -lm -ll  >&5
configure:5504: $? = 0
configure:5508: test -z 
			 || test ! -s conftest.err
configure:5511: $? = 0
configure:5514: test -s conftest
configure:5517: $? = 0
configure:5529: result: yes
configure:5441: checking for mktime
configure:5498: gcc -o conftest -g -O2   conftest.c -lm -ll  >&5
configure:5504: $? = 0
configure:5508: test -z 
			 || test ! -s conftest.err
configure:5511: $? = 0
configure:5514: test -s conftest
configure:5517: $? = 0
configure:5529: result: yes
configure:5441: checking for regcomp
configure:5498: gcc -o conftest -g -O2   conftest.c -lm -ll  >&5
configure:5504: $? = 0
configure:5508: test -z 
			 || test ! -s conftest.err
configure:5511: $? = 0
configure:5514: test -s conftest
configure:5517: $? = 0
configure:5529: result: yes
configure:5441: checking for socket
configure:5498: gcc -o conftest -g -O2   conftest.c -lm -ll  >&5
configure:5504: $? = 0
configure:5508: test -z 
			 || test ! -s conftest.err
configure:5511: $? = 0
configure:5514: test -s conftest
configure:5517: $? = 0
configure:5529: result: yes
configure:5441: checking for strcspn
configure:5498: gcc -o conftest -g -O2   conftest.c -lm -ll  >&5
conftest.c:67:6: warning: conflicting types for built-in function 'strcspn' [enabled by default]
configure:5504: $? = 0
configure:5508: test -z 
			 || test ! -s conftest.err
configure:5511: $? = 0
configure:5514: test -s conftest
configure:5517: $? = 0
configure:5529: result: yes
configure:5441: checking for strerror
configure:5498: gcc -o conftest -g -O2   conftest.c -lm -ll  >&5
configure:5504: $? = 0
configure:5508: test -z 
			 || test ! -s conftest.err
configure:5511: $? = 0
configure:5514: test -s conftest
configure:5517: $? = 0
configure:5529: result: yes
configure:5668: creating ./config.status

## ---------------------- ##
## Running config.status. ##
## ---------------------- ##

This file was extended by config.status, which was
generated by GNU Autoconf 2.59.  Invocation command line was

  CONFIG_FILES    = 
  CONFIG_HEADERS  = 
  CONFIG_LINKS    = 
  CONFIG_COMMANDS = 
  $ ./config.status 

on ubuntu

config.status:686: creating Makefile
config.status:686: creating vm/Makefile
config.status:686: creating vm/src/Makefile
config.status:686: creating ccalls/Makefile
config.status:686: creating bin/Makefile
config.status:686: creating lib/Makefile
config.status:869: executing default-1 commands

## ---------------- ##
## Cache variables. ##
## ---------------- ##

ac_cv_c_compiler_gnu=yes
ac_cv_c_const=yes
ac_cv_c_inline=inline
ac_cv_env_CC_set=
ac_cv_env_CC_value=
ac_cv_env_CFLAGS_set=
ac_cv_env_CFLAGS_value=
ac_cv_env_CPPFLAGS_set=
ac_cv_env_CPPFLAGS_value=
ac_cv_env_CPP_set=
ac_cv_env_CPP_value=
ac_cv_env_LDFLAGS_set=
ac_cv_env_LDFLAGS_value=
ac_cv_env_build_alias_set=
ac_cv_env_build_alias_value=
ac_cv_env_host_alias_set=
ac_cv_env_host_alias_value=
ac_cv_env_target_alias_set=
ac_cv_env_target_alias_value=
ac_cv_exeext=
ac_cv_func__doprnt=no
ac_cv_func_ftime=yes
ac_cv_func_gethostname=yes
ac_cv_func_gettimeofday=yes
ac_cv_func_memcmp_working=yes
ac_cv_func_mktime=yes
ac_cv_func_regcomp=yes
ac_cv_func_socket=yes
ac_cv_func_strcspn=yes
ac_cv_func_strerror=yes
ac_cv_func_strftime=yes
ac_cv_func_vprintf=yes
ac_cv_have_x='have_x=yes 		ac_x_includes= ac_x_libraries='
ac_cv_header_dirent_dirent_h=yes
ac_cv_header_fcntl_h=yes
ac_cv_header_inttypes_h=yes
ac_cv_header_memory_h=yes
ac_cv_header_stdc=yes
ac_cv_header_stdint_h=yes
ac_cv_header_stdlib_h=yes
ac_cv_header_string_h=yes
ac_cv_header_strings_h=yes
ac_cv_header_sys_file_h=yes
ac_cv_header_sys_stat_h=yes
ac_cv_header_sys_time_h=yes
ac_cv_header_sys_types_h=yes
ac_cv_header_time=yes
ac_cv_header_unistd_h=yes
ac_cv_lib_fl_yywrap=yes
ac_cv_lib_l_main=yes
ac_cv_lib_m_main=yes
ac_cv_objext=o
ac_cv_path_SH=/bin/sh
ac_cv_path_install='/usr/bin/install -c'
ac_cv_prog_AWK=gawk
ac_cv_prog_CPP='gcc -E'
ac_cv_prog_LEX=flex
ac_cv_prog_YACC='bison -y'
ac_cv_prog_ac_ct_CC=gcc
ac_cv_prog_ac_ct_RANLIB=ranlib
ac_cv_prog_cc_g=yes
ac_cv_prog_cc_stdc=
ac_cv_prog_egrep='grep -E'
ac_cv_prog_lex_root=lex.yy
ac_cv_prog_lex_yytext_pointer=yes
ac_cv_prog_make_make_set=yes
ac_cv_search_opendir='none required'
ac_cv_struct_tm=time.h
ac_cv_type_signal=void
ac_cv_type_size_t=yes
am_cv_CC_dependencies_compiler_type=gcc3

## ----------------- ##
## Output variables. ##
## ----------------- ##

ACLOCAL='${SHELL} /home/kkho/emerald/missing --run aclocal'
AMDEPBACKSLASH='\'
AMDEP_FALSE='#'
AMDEP_TRUE=''
AMTAR='${SHELL} /home/kkho/emerald/missing --run tar'
AUTOCONF='${SHELL} /home/kkho/emerald/missing --run autoconf'
AUTOHEADER='${SHELL} /home/kkho/emerald/missing --run autoheader'
AUTOMAKE='${SHELL} /home/kkho/emerald/missing --run automake'
AWK='gawk'
CC='gcc'
CCDEPMODE='depmode=gcc3'
CFLAGS='-g -O2'
CPP='gcc -E'
CPPFLAGS=''
DEFS='-DPACKAGE_NAME=\"\" -DPACKAGE_TARNAME=\"\" -DPACKAGE_VERSION=\"\" -DPACKAGE_STRING=\"\" -DPACKAGE_BUGREPORT=\"\" -DPACKAGE=\"emerald\" -DVERSION=\"1.06alpha\" -DSINGLESTEP=1 -DCOUNTBYTECODES=1 -DSTDARG_WORKS=1 -DDISTRIBUTED=1 -DYYTEXT_POINTER=1 -DHAVE_LIBL=1 -DHAVE_LIBM=1 -DHAVE_DIRENT_H=1 -DSTDC_HEADERS=1 -DHAVE_SYS_TYPES_H=1 -DHAVE_SYS_STAT_H=1 -DHAVE_STDLIB_H=1 -DHAVE_STRING_H=1 -DHAVE_MEMORY_H=1 -DHAVE_STRINGS_H=1 -DHAVE_INTTYPES_H=1 -DHAVE_STDINT_H=1 -DHAVE_UNISTD_H=1 -DHAVE_FCNTL_H=1 -DHAVE_SYS_FILE_H=1 -DHAVE_SYS_TIME_H=1 -DHAVE_UNISTD_H=1 -DTIME_WITH_SYS_TIME=1 -DRETSIGTYPE=void -DHAVE_STRFTIME=1 -DHAVE_VPRINTF=1 -DHAVE_FTIME=1 -DHAVE_GETHOSTNAME=1 -DHAVE_GETTIMEOFDAY=1 -DHAVE_MKTIME=1 -DHAVE_REGCOMP=1 -DHAVE_SOCKET=1 -DHAVE_STRCSPN=1 -DHAVE_STRERROR=1 '
DEPDIR='.deps'
ECHO_C=''
ECHO_N='-n'
ECHO_T=''
EGREP='grep -E'
EXEEXT=''
INSTALL_DATA='${INSTALL} -m 644'
INSTALL_PROGRAM='${INSTALL}'
INSTALL_SCRIPT='${INSTALL}'
INSTALL_STRIP_PROGRAM='${SHELL} $(install_sh) -c -s'
LDFLAGS=''
LEX='flex'
LEXLIB='-lfl'
LEX_OUTPUT_ROOT='lex.yy'
LIBOBJS=''
LIBS='-lm -ll '
LN_S='ln -s'
LTLIBOBJS=''
MAKEINFO='${SHELL} /home/kkho/emerald/missing --run makeinfo'
OBJEXT='o'
PACKAGE='emerald'
PACKAGE_BUGREPORT=''
PACKAGE_NAME=''
PACKAGE_STRING=''
PACKAGE_TARNAME=''
PACKAGE_VERSION=''
PATH_SEPARATOR=':'
RANLIB='ranlib'
SET_MAKE=''
SH='/bin/sh'
SHELL='/bin/sh'
VERSION='1.06alpha'
YACC='bison -y'
ac_ct_CC='gcc'
ac_ct_RANLIB='ranlib'
am__include='include'
am__quote=''
bindir='${exec_prefix}/bin'
build_alias=''
datadir='${prefix}/share'
exec_prefix='${prefix}'
host_alias=''
includedir='${prefix}/include'
infodir='${prefix}/info'
install_sh='/home/kkho/emerald/install-sh'
libdir='${exec_prefix}/lib'
libexecdir='${exec_prefix}/libexec'
localstatedir='${prefix}/var'
mandir='${prefix}/man'
oldincludedir='/usr/include'
prefix='/home/kkho/em_beta'
program_transform_name='s,x,x,'
sbindir='${exec_prefix}/sbin'
sharedstatedir='${prefix}/com'
sysconfdir='${prefix}/etc'
target_alias=''

## ----------- ##
## confdefs.h. ##
## ----------- ##

#define COUNTBYTECODES 1
#define DISTRIBUTED 1
#define HAVE_DIRENT_H 1
#define HAVE_FCNTL_H 1
#define HAVE_FTIME 1
#define HAVE_GETHOSTNAME 1
#define HAVE_GETTIMEOFDAY 1
#define HAVE_INTTYPES_H 1
#define HAVE_LIBL 1
#define HAVE_LIBM 1
#define HAVE_MEMORY_H 1
#define HAVE_MKTIME 1
#define HAVE_REGCOMP 1
#define HAVE_SOCKET 1
#define HAVE_STDINT_H 1
#define HAVE_STDLIB_H 1
#define HAVE_STRCSPN 1
#define HAVE_STRERROR 1
#define HAVE_STRFTIME 1
#define HAVE_STRINGS_H 1
#define HAVE_STRING_H 1
#define HAVE_SYS_FILE_H 1
#define HAVE_SYS_STAT_H 1
#define HAVE_SYS_TIME_H 1
#define HAVE_SYS_TYPES_H 1
#define HAVE_UNISTD_H 1
#define HAVE_UNISTD_H 1
#define HAVE_VPRINTF 1
#define PACKAGE "emerald"
#define PACKAGE_BUGREPORT ""
#define PACKAGE_NAME ""
#define PACKAGE_STRING ""
#define PACKAGE_TARNAME ""
#define PACKAGE_VERSION ""
#define RETSIGTYPE void
#define SINGLESTEP 1
#define STDARG_WORKS 1
#define STDC_HEADERS 1
#define TIME_WITH_SYS_TIME 1
#define VERSION "1.06alpha"
#define YYTEXT_POINTER 1

configure: exit 0
